The system is: Linux - 3.9.5-301.fc19.x86_64 - x86_64
Compiling the C compiler identification source file "CMakeCCompilerId.c" succeeded.
Compiler: /usr/bin/cc 
Build flags: 
Id flags: 

The output was:
0


Compilation of the C compiler identification source "CMakeCCompilerId.c" produced "a.out"

The C compiler identification is GNU, found in "/home/mjl152/Documents/greplace/CMakeFiles/2.8.12/CompilerIdC/a.out"

Compiling the CXX compiler identification source file "CMakeCXXCompilerId.cpp" succeeded.
Compiler: /usr/bin/clang++ 
Build flags: 
Id flags: -c

The output was:
0


Compilation of the CXX compiler identification source "CMakeCXXCompilerId.cpp" produced "CMakeCXXCompilerId.o"

The CXX compiler identification is Clang, found in "/home/mjl152/Documents/greplace/CMakeFiles/2.8.12/CompilerIdCXX/CMakeCXXCompilerId.o"

Determining if the C compiler works passed with the following output:
Change Dir: /home/mjl152/Documents/greplace/CMakeFiles/CMakeTmp

Run Build Command:/usr/bin/gmake "cmTryCompileExec3578440308/fast"
/usr/bin/gmake -f CMakeFiles/cmTryCompileExec3578440308.dir/build.make CMakeFiles/cmTryCompileExec3578440308.dir/build
gmake[1]: Entering directory `/home/mjl152/Documents/greplace/CMakeFiles/CMakeTmp'
/usr/bin/cmake -E cmake_progress_report /home/mjl152/Documents/greplace/CMakeFiles/CMakeTmp/CMakeFiles 1
Building C object CMakeFiles/cmTryCompileExec3578440308.dir/testCCompiler.c.o
/usr/bin/cc    -o CMakeFiles/cmTryCompileExec3578440308.dir/testCCompiler.c.o   -c /home/mjl152/Documents/greplace/CMakeFiles/CMakeTmp/testCCompiler.c
Linking C executable cmTryCompileExec3578440308
/usr/bin/cmake -E cmake_link_script CMakeFiles/cmTryCompileExec3578440308.dir/link.txt --verbose=1
/usr/bin/cc       CMakeFiles/cmTryCompileExec3578440308.dir/testCCompiler.c.o  -o cmTryCompileExec3578440308 -rdynamic 
gmake[1]: Leaving directory `/home/mjl152/Documents/greplace/CMakeFiles/CMakeTmp'


Detecting C compiler ABI info compiled with the following output:
Change Dir: /home/mjl152/Documents/greplace/CMakeFiles/CMakeTmp

Run Build Command:/usr/bin/gmake "cmTryCompileExec2231504032/fast"
/usr/bin/gmake -f CMakeFiles/cmTryCompileExec2231504032.dir/build.make CMakeFiles/cmTryCompileExec2231504032.dir/build
gmake[1]: Entering directory `/home/mjl152/Documents/greplace/CMakeFiles/CMakeTmp'
/usr/bin/cmake -E cmake_progress_report /home/mjl152/Documents/greplace/CMakeFiles/CMakeTmp/CMakeFiles 1
Building C object CMakeFiles/cmTryCompileExec2231504032.dir/CMakeCCompilerABI.c.o
/usr/bin/cc    -o CMakeFiles/cmTryCompileExec2231504032.dir/CMakeCCompilerABI.c.o   -c /usr/share/cmake/Modules/CMakeCCompilerABI.c
Linking C executable cmTryCompileExec2231504032
/usr/bin/cmake -E cmake_link_script CMakeFiles/cmTryCompileExec2231504032.dir/link.txt --verbose=1
/usr/bin/cc     -v CMakeFiles/cmTryCompileExec2231504032.dir/CMakeCCompilerABI.c.o  -o cmTryCompileExec2231504032 -rdynamic  
Using built-in specs.
COLLECT_GCC=/usr/bin/cc
COLLECT_LTO_WRAPPER=/usr/libexec/gcc/x86_64-redhat-linux/4.8.2/lto-wrapper
Target: x86_64-redhat-linux
Configured with: ../configure --prefix=/usr --mandir=/usr/share/man --infodir=/usr/share/info --with-bugurl=http://bugzilla.redhat.com/bugzilla --enable-bootstrap --enable-shared --enable-threads=posix --enable-checking=release --with-system-zlib --enable-__cxa_atexit --disable-libunwind-exceptions --enable-gnu-unique-object --enable-linker-build-id --with-linker-hash-style=gnu --enable-languages=c,c++,objc,obj-c++,java,fortran,ada,go,lto --enable-plugin --enable-initfini-array --enable-java-awt=gtk --disable-dssi --with-java-home=/usr/lib/jvm/java-1.5.0-gcj-1.5.0.0/jre --enable-libgcj-multifile --enable-java-maintainer-mode --with-ecj-jar=/usr/share/java/eclipse-ecj.jar --disable-libjava-multilib --with-isl=/builddir/build/BUILD/gcc-4.8.2-20131017/obj-x86_64-redhat-linux/isl-install --with-cloog=/builddir/build/BUILD/gcc-4.8.2-20131017/obj-x86_64-redhat-linux/cloog-install --with-tune=generic --with-arch_32=i686 --build=x86_64-redhat-linux
Thread model: posix
gcc version 4.8.2 20131017 (Red Hat 4.8.2-1) (GCC) 
COMPILER_PATH=/usr/libexec/gcc/x86_64-redhat-linux/4.8.2/:/usr/libexec/gcc/x86_64-redhat-linux/4.8.2/:/usr/libexec/gcc/x86_64-redhat-linux/:/usr/lib/gcc/x86_64-redhat-linux/4.8.2/:/usr/lib/gcc/x86_64-redhat-linux/
LIBRARY_PATH=/usr/lib/gcc/x86_64-redhat-linux/4.8.2/:/usr/lib/gcc/x86_64-redhat-linux/4.8.2/../../../../lib64/:/lib/../lib64/:/usr/lib/../lib64/:/usr/lib/gcc/x86_64-redhat-linux/4.8.2/../../../:/lib/:/usr/lib/
COLLECT_GCC_OPTIONS='-v' '-o' 'cmTryCompileExec2231504032' '-rdynamic' '-mtune=generic' '-march=x86-64'
 /usr/libexec/gcc/x86_64-redhat-linux/4.8.2/collect2 --build-id --no-add-needed --eh-frame-hdr --hash-style=gnu -m elf_x86_64 -export-dynamic -dynamic-linker /lib64/ld-linux-x86-64.so.2 -o cmTryCompileExec2231504032 /usr/lib/gcc/x86_64-redhat-linux/4.8.2/../../../../lib64/crt1.o /usr/lib/gcc/x86_64-redhat-linux/4.8.2/../../../../lib64/crti.o /usr/lib/gcc/x86_64-redhat-linux/4.8.2/crtbegin.o -L/usr/lib/gcc/x86_64-redhat-linux/4.8.2 -L/usr/lib/gcc/x86_64-redhat-linux/4.8.2/../../../../lib64 -L/lib/../lib64 -L/usr/lib/../lib64 -L/usr/lib/gcc/x86_64-redhat-linux/4.8.2/../../.. CMakeFiles/cmTryCompileExec2231504032.dir/CMakeCCompilerABI.c.o -lgcc --as-needed -lgcc_s --no-as-needed -lc -lgcc --as-needed -lgcc_s --no-as-needed /usr/lib/gcc/x86_64-redhat-linux/4.8.2/crtend.o /usr/lib/gcc/x86_64-redhat-linux/4.8.2/../../../../lib64/crtn.o
gmake[1]: Leaving directory `/home/mjl152/Documents/greplace/CMakeFiles/CMakeTmp'


Parsed C implicit link information from above output:
  link line regex: [^( *|.*[/\])(ld|([^/\]+-)?ld|collect2)[^/\]*( |$)]
  ignore line: [Change Dir: /home/mjl152/Documents/greplace/CMakeFiles/CMakeTmp]
  ignore line: []
  ignore line: [Run Build Command:/usr/bin/gmake "cmTryCompileExec2231504032/fast"]
  ignore line: [/usr/bin/gmake -f CMakeFiles/cmTryCompileExec2231504032.dir/build.make CMakeFiles/cmTryCompileExec2231504032.dir/build]
  ignore line: [gmake[1]: Entering directory `/home/mjl152/Documents/greplace/CMakeFiles/CMakeTmp']
  ignore line: [/usr/bin/cmake -E cmake_progress_report /home/mjl152/Documents/greplace/CMakeFiles/CMakeTmp/CMakeFiles 1]
  ignore line: [Building C object CMakeFiles/cmTryCompileExec2231504032.dir/CMakeCCompilerABI.c.o]
  ignore line: [/usr/bin/cc    -o CMakeFiles/cmTryCompileExec2231504032.dir/CMakeCCompilerABI.c.o   -c /usr/share/cmake/Modules/CMakeCCompilerABI.c]
  ignore line: [Linking C executable cmTryCompileExec2231504032]
  ignore line: [/usr/bin/cmake -E cmake_link_script CMakeFiles/cmTryCompileExec2231504032.dir/link.txt --verbose=1]
  ignore line: [/usr/bin/cc     -v CMakeFiles/cmTryCompileExec2231504032.dir/CMakeCCompilerABI.c.o  -o cmTryCompileExec2231504032 -rdynamic  ]
  ignore line: [Using built-in specs.]
  ignore line: [COLLECT_GCC=/usr/bin/cc]
  ignore line: [COLLECT_LTO_WRAPPER=/usr/libexec/gcc/x86_64-redhat-linux/4.8.2/lto-wrapper]
  ignore line: [Target: x86_64-redhat-linux]
  ignore line: [Configured with: ../configure --prefix=/usr --mandir=/usr/share/man --infodir=/usr/share/info --with-bugurl=http://bugzilla.redhat.com/bugzilla --enable-bootstrap --enable-shared --enable-threads=posix --enable-checking=release --with-system-zlib --enable-__cxa_atexit --disable-libunwind-exceptions --enable-gnu-unique-object --enable-linker-build-id --with-linker-hash-style=gnu --enable-languages=c,c++,objc,obj-c++,java,fortran,ada,go,lto --enable-plugin --enable-initfini-array --enable-java-awt=gtk --disable-dssi --with-java-home=/usr/lib/jvm/java-1.5.0-gcj-1.5.0.0/jre --enable-libgcj-multifile --enable-java-maintainer-mode --with-ecj-jar=/usr/share/java/eclipse-ecj.jar --disable-libjava-multilib --with-isl=/builddir/build/BUILD/gcc-4.8.2-20131017/obj-x86_64-redhat-linux/isl-install --with-cloog=/builddir/build/BUILD/gcc-4.8.2-20131017/obj-x86_64-redhat-linux/cloog-install --with-tune=generic --with-arch_32=i686 --build=x86_64-redhat-linux]
  ignore line: [Thread model: posix]
  ignore line: [gcc version 4.8.2 20131017 (Red Hat 4.8.2-1) (GCC) ]
  ignore line: [COMPILER_PATH=/usr/libexec/gcc/x86_64-redhat-linux/4.8.2/:/usr/libexec/gcc/x86_64-redhat-linux/4.8.2/:/usr/libexec/gcc/x86_64-redhat-linux/:/usr/lib/gcc/x86_64-redhat-linux/4.8.2/:/usr/lib/gcc/x86_64-redhat-linux/]
  ignore line: [LIBRARY_PATH=/usr/lib/gcc/x86_64-redhat-linux/4.8.2/:/usr/lib/gcc/x86_64-redhat-linux/4.8.2/../../../../lib64/:/lib/../lib64/:/usr/lib/../lib64/:/usr/lib/gcc/x86_64-redhat-linux/4.8.2/../../../:/lib/:/usr/lib/]
  ignore line: [COLLECT_GCC_OPTIONS='-v' '-o' 'cmTryCompileExec2231504032' '-rdynamic' '-mtune=generic' '-march=x86-64']
  link line: [ /usr/libexec/gcc/x86_64-redhat-linux/4.8.2/collect2 --build-id --no-add-needed --eh-frame-hdr --hash-style=gnu -m elf_x86_64 -export-dynamic -dynamic-linker /lib64/ld-linux-x86-64.so.2 -o cmTryCompileExec2231504032 /usr/lib/gcc/x86_64-redhat-linux/4.8.2/../../../../lib64/crt1.o /usr/lib/gcc/x86_64-redhat-linux/4.8.2/../../../../lib64/crti.o /usr/lib/gcc/x86_64-redhat-linux/4.8.2/crtbegin.o -L/usr/lib/gcc/x86_64-redhat-linux/4.8.2 -L/usr/lib/gcc/x86_64-redhat-linux/4.8.2/../../../../lib64 -L/lib/../lib64 -L/usr/lib/../lib64 -L/usr/lib/gcc/x86_64-redhat-linux/4.8.2/../../.. CMakeFiles/cmTryCompileExec2231504032.dir/CMakeCCompilerABI.c.o -lgcc --as-needed -lgcc_s --no-as-needed -lc -lgcc --as-needed -lgcc_s --no-as-needed /usr/lib/gcc/x86_64-redhat-linux/4.8.2/crtend.o /usr/lib/gcc/x86_64-redhat-linux/4.8.2/../../../../lib64/crtn.o]
    arg [/usr/libexec/gcc/x86_64-redhat-linux/4.8.2/collect2] ==> ignore
    arg [--build-id] ==> ignore
    arg [--no-add-needed] ==> ignore
    arg [--eh-frame-hdr] ==> ignore
    arg [--hash-style=gnu] ==> ignore
    arg [-m] ==> ignore
    arg [elf_x86_64] ==> ignore
    arg [-export-dynamic] ==> ignore
    arg [-dynamic-linker] ==> ignore
    arg [/lib64/ld-linux-x86-64.so.2] ==> ignore
    arg [-o] ==> ignore
    arg [cmTryCompileExec2231504032] ==> ignore
    arg [/usr/lib/gcc/x86_64-redhat-linux/4.8.2/../../../../lib64/crt1.o] ==> ignore
    arg [/usr/lib/gcc/x86_64-redhat-linux/4.8.2/../../../../lib64/crti.o] ==> ignore
    arg [/usr/lib/gcc/x86_64-redhat-linux/4.8.2/crtbegin.o] ==> ignore
    arg [-L/usr/lib/gcc/x86_64-redhat-linux/4.8.2] ==> dir [/usr/lib/gcc/x86_64-redhat-linux/4.8.2]
    arg [-L/usr/lib/gcc/x86_64-redhat-linux/4.8.2/../../../../lib64] ==> dir [/usr/lib/gcc/x86_64-redhat-linux/4.8.2/../../../../lib64]
    arg [-L/lib/../lib64] ==> dir [/lib/../lib64]
    arg [-L/usr/lib/../lib64] ==> dir [/usr/lib/../lib64]
    arg [-L/usr/lib/gcc/x86_64-redhat-linux/4.8.2/../../..] ==> dir [/usr/lib/gcc/x86_64-redhat-linux/4.8.2/../../..]
    arg [CMakeFiles/cmTryCompileExec2231504032.dir/CMakeCCompilerABI.c.o] ==> ignore
    arg [-lgcc] ==> lib [gcc]
    arg [--as-needed] ==> ignore
    arg [-lgcc_s] ==> lib [gcc_s]
    arg [--no-as-needed] ==> ignore
    arg [-lc] ==> lib [c]
    arg [-lgcc] ==> lib [gcc]
    arg [--as-needed] ==> ignore
    arg [-lgcc_s] ==> lib [gcc_s]
    arg [--no-as-needed] ==> ignore
    arg [/usr/lib/gcc/x86_64-redhat-linux/4.8.2/crtend.o] ==> ignore
    arg [/usr/lib/gcc/x86_64-redhat-linux/4.8.2/../../../../lib64/crtn.o] ==> ignore
  remove lib [gcc]
  remove lib [gcc_s]
  remove lib [gcc]
  remove lib [gcc_s]
  collapse library dir [/usr/lib/gcc/x86_64-redhat-linux/4.8.2] ==> [/usr/lib/gcc/x86_64-redhat-linux/4.8.2]
  collapse library dir [/usr/lib/gcc/x86_64-redhat-linux/4.8.2/../../../../lib64] ==> [/usr/lib64]
  collapse library dir [/lib/../lib64] ==> [/lib64]
  collapse library dir [/usr/lib/../lib64] ==> [/usr/lib64]
  collapse library dir [/usr/lib/gcc/x86_64-redhat-linux/4.8.2/../../..] ==> [/usr/lib]
  implicit libs: [c]
  implicit dirs: [/usr/lib/gcc/x86_64-redhat-linux/4.8.2;/usr/lib64;/lib64;/usr/lib]
  implicit fwks: []


Compiling the CXX compiler identification source file "CMakeCXXCompilerId.cpp" succeeded.
Compiler: /usr/bin/clang++ 
Build flags: 
Id flags: -c

The output was:
0


Compilation of the CXX compiler identification source "CMakeCXXCompilerId.cpp" produced "CMakeCXXCompilerId.o"

The CXX compiler identification is Clang, found in "/home/mjl152/Documents/greplace/CMakeFiles/2.8.12/CompilerIdCXX/CMakeCXXCompilerId.o"

Compiling the CXX compiler identification source file "CMakeCXXCompilerId.cpp" succeeded.
Compiler: /usr/bin/clang++ 
Build flags: 
Id flags: -c

The output was:
0


Compilation of the CXX compiler identification source "CMakeCXXCompilerId.cpp" produced "CMakeCXXCompilerId.o"

The CXX compiler identification is Clang, found in "/home/mjl152/Documents/greplace/CMakeFiles/2.8.12/CompilerIdCXX/CMakeCXXCompilerId.o"

Compiling the CXX compiler identification source file "CMakeCXXCompilerId.cpp" succeeded.
Compiler: /usr/bin/clang++ 
Build flags: 
Id flags: 

The output was:
0


Compilation of the CXX compiler identification source "CMakeCXXCompilerId.cpp" produced "a.out"

The CXX compiler identification is Clang, found in "/home/mjl152/Documents/greplace/CMakeFiles/2.8.12/CompilerIdCXX/a.out"

Determining if the CXX compiler works passed with the following output:
Change Dir: /home/mjl152/Documents/greplace/CMakeFiles/CMakeTmp

Run Build Command:/usr/bin/gmake "cmTryCompileExec1532160473/fast"
/usr/bin/gmake -f CMakeFiles/cmTryCompileExec1532160473.dir/build.make CMakeFiles/cmTryCompileExec1532160473.dir/build
gmake[1]: Entering directory `/home/mjl152/Documents/greplace/CMakeFiles/CMakeTmp'
/usr/bin/cmake -E cmake_progress_report /home/mjl152/Documents/greplace/CMakeFiles/CMakeTmp/CMakeFiles 1
Building CXX object CMakeFiles/cmTryCompileExec1532160473.dir/testCXXCompiler.cxx.o
/usr/bin/clang++     -o CMakeFiles/cmTryCompileExec1532160473.dir/testCXXCompiler.cxx.o -c /home/mjl152/Documents/greplace/CMakeFiles/CMakeTmp/testCXXCompiler.cxx
Linking CXX executable cmTryCompileExec1532160473
/usr/bin/cmake -E cmake_link_script CMakeFiles/cmTryCompileExec1532160473.dir/link.txt --verbose=1
/usr/bin/clang++        CMakeFiles/cmTryCompileExec1532160473.dir/testCXXCompiler.cxx.o  -o cmTryCompileExec1532160473 -rdynamic 
gmake[1]: Leaving directory `/home/mjl152/Documents/greplace/CMakeFiles/CMakeTmp'


Detecting CXX compiler ABI info compiled with the following output:
Change Dir: /home/mjl152/Documents/greplace/CMakeFiles/CMakeTmp

Run Build Command:/usr/bin/gmake "cmTryCompileExec1105177613/fast"
/usr/bin/gmake -f CMakeFiles/cmTryCompileExec1105177613.dir/build.make CMakeFiles/cmTryCompileExec1105177613.dir/build
gmake[1]: Entering directory `/home/mjl152/Documents/greplace/CMakeFiles/CMakeTmp'
/usr/bin/cmake -E cmake_progress_report /home/mjl152/Documents/greplace/CMakeFiles/CMakeTmp/CMakeFiles 1
Building CXX object CMakeFiles/cmTryCompileExec1105177613.dir/CMakeCXXCompilerABI.cpp.o
/usr/bin/clang++     -o CMakeFiles/cmTryCompileExec1105177613.dir/CMakeCXXCompilerABI.cpp.o -c /usr/share/cmake/Modules/CMakeCXXCompilerABI.cpp
Linking CXX executable cmTryCompileExec1105177613
/usr/bin/cmake -E cmake_link_script CMakeFiles/cmTryCompileExec1105177613.dir/link.txt --verbose=1
/usr/bin/clang++      -v CMakeFiles/cmTryCompileExec1105177613.dir/CMakeCXXCompilerABI.cpp.o  -o cmTryCompileExec1105177613 -rdynamic  
clang version 3.3 (tags/RELEASE_33/rc3)
Target: x86_64-redhat-linux-gnu
Thread model: posix
 "/usr/bin/ld" -export-dynamic --eh-frame-hdr -m elf_x86_64 -dynamic-linker /lib64/ld-linux-x86-64.so.2 -o cmTryCompileExec1105177613 /usr/lib/gcc/x86_64-redhat-linux/4.8.2/../../../../lib64/crt1.o /usr/lib/gcc/x86_64-redhat-linux/4.8.2/../../../../lib64/crti.o /usr/lib/gcc/x86_64-redhat-linux/4.8.2/crtbegin.o -L/usr/lib/gcc/x86_64-redhat-linux/4.8.2 -L/usr/lib/gcc/x86_64-redhat-linux/4.8.2/../../../../lib64 -L/lib/../lib64 -L/usr/lib/../lib64 -L/usr/lib/gcc/x86_64-redhat-linux/4.8.2/../../.. -L/lib -L/usr/lib CMakeFiles/cmTryCompileExec1105177613.dir/CMakeCXXCompilerABI.cpp.o -lstdc++ -lm -lgcc_s -lgcc -lc -lgcc_s -lgcc /usr/lib/gcc/x86_64-redhat-linux/4.8.2/crtend.o /usr/lib/gcc/x86_64-redhat-linux/4.8.2/../../../../lib64/crtn.o
gmake[1]: Leaving directory `/home/mjl152/Documents/greplace/CMakeFiles/CMakeTmp'


Parsed CXX implicit link information from above output:
  link line regex: [^( *|.*[/\])(ld|([^/\]+-)?ld|collect2)[^/\]*( |$)]
  ignore line: [Change Dir: /home/mjl152/Documents/greplace/CMakeFiles/CMakeTmp]
  ignore line: []
  ignore line: [Run Build Command:/usr/bin/gmake "cmTryCompileExec1105177613/fast"]
  ignore line: [/usr/bin/gmake -f CMakeFiles/cmTryCompileExec1105177613.dir/build.make CMakeFiles/cmTryCompileExec1105177613.dir/build]
  ignore line: [gmake[1]: Entering directory `/home/mjl152/Documents/greplace/CMakeFiles/CMakeTmp']
  ignore line: [/usr/bin/cmake -E cmake_progress_report /home/mjl152/Documents/greplace/CMakeFiles/CMakeTmp/CMakeFiles 1]
  ignore line: [Building CXX object CMakeFiles/cmTryCompileExec1105177613.dir/CMakeCXXCompilerABI.cpp.o]
  ignore line: [/usr/bin/clang++     -o CMakeFiles/cmTryCompileExec1105177613.dir/CMakeCXXCompilerABI.cpp.o -c /usr/share/cmake/Modules/CMakeCXXCompilerABI.cpp]
  ignore line: [Linking CXX executable cmTryCompileExec1105177613]
  ignore line: [/usr/bin/cmake -E cmake_link_script CMakeFiles/cmTryCompileExec1105177613.dir/link.txt --verbose=1]
  ignore line: [/usr/bin/clang++      -v CMakeFiles/cmTryCompileExec1105177613.dir/CMakeCXXCompilerABI.cpp.o  -o cmTryCompileExec1105177613 -rdynamic  ]
  ignore line: [clang version 3.3 (tags/RELEASE_33/rc3)]
  ignore line: [Target: x86_64-redhat-linux-gnu]
  ignore line: [Thread model: posix]
  link line: [ "/usr/bin/ld" -export-dynamic --eh-frame-hdr -m elf_x86_64 -dynamic-linker /lib64/ld-linux-x86-64.so.2 -o cmTryCompileExec1105177613 /usr/lib/gcc/x86_64-redhat-linux/4.8.2/../../../../lib64/crt1.o /usr/lib/gcc/x86_64-redhat-linux/4.8.2/../../../../lib64/crti.o /usr/lib/gcc/x86_64-redhat-linux/4.8.2/crtbegin.o -L/usr/lib/gcc/x86_64-redhat-linux/4.8.2 -L/usr/lib/gcc/x86_64-redhat-linux/4.8.2/../../../../lib64 -L/lib/../lib64 -L/usr/lib/../lib64 -L/usr/lib/gcc/x86_64-redhat-linux/4.8.2/../../.. -L/lib -L/usr/lib CMakeFiles/cmTryCompileExec1105177613.dir/CMakeCXXCompilerABI.cpp.o -lstdc++ -lm -lgcc_s -lgcc -lc -lgcc_s -lgcc /usr/lib/gcc/x86_64-redhat-linux/4.8.2/crtend.o /usr/lib/gcc/x86_64-redhat-linux/4.8.2/../../../../lib64/crtn.o]
    arg [/usr/bin/ld] ==> ignore
    arg [-export-dynamic] ==> ignore
    arg [--eh-frame-hdr] ==> ignore
    arg [-m] ==> ignore
    arg [elf_x86_64] ==> ignore
    arg [-dynamic-linker] ==> ignore
    arg [/lib64/ld-linux-x86-64.so.2] ==> ignore
    arg [-o] ==> ignore
    arg [cmTryCompileExec1105177613] ==> ignore
    arg [/usr/lib/gcc/x86_64-redhat-linux/4.8.2/../../../../lib64/crt1.o] ==> ignore
    arg [/usr/lib/gcc/x86_64-redhat-linux/4.8.2/../../../../lib64/crti.o] ==> ignore
    arg [/usr/lib/gcc/x86_64-redhat-linux/4.8.2/crtbegin.o] ==> ignore
    arg [-L/usr/lib/gcc/x86_64-redhat-linux/4.8.2] ==> dir [/usr/lib/gcc/x86_64-redhat-linux/4.8.2]
    arg [-L/usr/lib/gcc/x86_64-redhat-linux/4.8.2/../../../../lib64] ==> dir [/usr/lib/gcc/x86_64-redhat-linux/4.8.2/../../../../lib64]
    arg [-L/lib/../lib64] ==> dir [/lib/../lib64]
    arg [-L/usr/lib/../lib64] ==> dir [/usr/lib/../lib64]
    arg [-L/usr/lib/gcc/x86_64-redhat-linux/4.8.2/../../..] ==> dir [/usr/lib/gcc/x86_64-redhat-linux/4.8.2/../../..]
    arg [-L/lib] ==> dir [/lib]
    arg [-L/usr/lib] ==> dir [/usr/lib]
    arg [CMakeFiles/cmTryCompileExec1105177613.dir/CMakeCXXCompilerABI.cpp.o] ==> ignore
    arg [-lstdc++] ==> lib [stdc++]
    arg [-lm] ==> lib [m]
    arg [-lgcc_s] ==> lib [gcc_s]
    arg [-lgcc] ==> lib [gcc]
    arg [-lc] ==> lib [c]
    arg [-lgcc_s] ==> lib [gcc_s]
    arg [-lgcc] ==> lib [gcc]
    arg [/usr/lib/gcc/x86_64-redhat-linux/4.8.2/crtend.o] ==> ignore
    arg [/usr/lib/gcc/x86_64-redhat-linux/4.8.2/../../../../lib64/crtn.o] ==> ignore
  remove lib [gcc_s]
  remove lib [gcc]
  remove lib [gcc_s]
  remove lib [gcc]
  collapse library dir [/usr/lib/gcc/x86_64-redhat-linux/4.8.2] ==> [/usr/lib/gcc/x86_64-redhat-linux/4.8.2]
  collapse library dir [/usr/lib/gcc/x86_64-redhat-linux/4.8.2/../../../../lib64] ==> [/usr/lib64]
  collapse library dir [/lib/../lib64] ==> [/lib64]
  collapse library dir [/usr/lib/../lib64] ==> [/usr/lib64]
  collapse library dir [/usr/lib/gcc/x86_64-redhat-linux/4.8.2/../../..] ==> [/usr/lib]
  collapse library dir [/lib] ==> [/lib]
  collapse library dir [/usr/lib] ==> [/usr/lib]
  implicit libs: [stdc++;m;c]
  implicit dirs: [/usr/lib/gcc/x86_64-redhat-linux/4.8.2;/usr/lib64;/lib64;/usr/lib;/lib]
  implicit fwks: []


